<?xml version="1.0" encoding="UTF-8"?>
<beans xmlns="http://www.springframework.org/schema/beans"
	xmlns:xsi="http://www.w3.org/2001/XMLSchema-instance" 
	xmlns:aop="http://www.springframework.org/schema/aop" 
	xmlns:tx="http://www.springframework.org/schema/tx"
	xmlns:context="http://www.springframework.org/schema/context"
	xsi:schemaLocation="http://www.springframework.org/schema/beans
			http://www.springframework.org/schema/beans/spring-beans.xsd
			http://www.springframework.org/schema/aop 
			http://www.springframework.org/schema/aop/spring-aop.xsd  
           	http://www.springframework.org/schema/tx 
           	http://www.springframework.org/schema/tx/spring-tx.xsd
			http://www.springframework.org/schema/context
			http://www.springframework.org/schema/context/spring-context.xsd
			http://camel.apache.org/schema/spring 
			http://camel.apache.org/schema/spring/camel-spring.xsd
			">
	<bean id="propertyConfigurer"
		class="org.springframework.beans.factory.config.PropertyPlaceholderConfigurer">
		<property name="systemPropertiesModeName" value="SYSTEM_PROPERTIES_MODE_OVERRIDE" />
		<property name="ignoreResourceNotFound" value="true" />
		<property name="locations">
			<list>
				<value>
					classpath*:config.properties
				</value>
			</list>
		</property>
	</bean>

	<context:annotation-config />
		<context:component-scan base-package="com.sillycat">
	</context:component-scan>

	<!--  my lovely spring, long time no see  -->
	<bean id="testBean" class="com.sillycat.supercamel.TestBeanImpl"/>
	
	<bean id="jmsConnectionFactory" class="org.apache.activemq.ActiveMQConnectionFactory">
        <property name="brokerURL" value="vm://localhost?broker.persistent=false" />
    </bean>
    <bean id="pooledConnectionFactory" class="org.apache.activemq.pool.PooledConnectionFactory"
        init-method="start" destroy-method="stop">
        <property name="maxConnections" value="8" />
        <property name="connectionFactory" ref="jmsConnectionFactory" />
    </bean>
    <bean id="jmsTemplate" class="org.springframework.jms.core.JmsTemplate">
        <property name="connectionFactory" ref="pooledConnectionFactory" />
    </bean>
    
    <bean id="beanProcessor" class="com.sillycat.supercamel.BeanProcessor"/>
    
	<camelContext xmlns="http://camel.apache.org/schema/spring">
		<endpoint id="testBeanUriHelloMethod" uri="bean:testBean?method=hello"/>
        <route>
            <from uri="activemq:queue:start" />
            <to ref="testBeanUriHelloMethod" />
            <to uri="stream:out" />
        </route>     
        
        <route>
            <from uri="timer:foo?period=1s" />
            <transform>
                <simple>Heartbeat1 ${date:now:yyyy-MM-dd HH:mm:ss}</simple>
            </transform>
            <to uri="bean:testBean?method=hello" />
            <to uri="activemq:queue:in" />
        </route>
        <route>
            <from uri="activemq:queue:in" />
            <log message="Route message from inbox to outbox queue with data ${body}" />
            <to uri="stream:out" />
        </route>
        
        <route>
            <from uri="timer:foo?period=1s" />           
            <process ref="beanProcessor"/>
            <to uri="stream:out" />
        </route>
        
    </camelContext>
	

</beans>



